<?xml version="1.0" encoding="UTF-8"?>
<!-- Generated by org.testng.reporters.JUnitXMLReporter -->
<testsuite hostname="Razin-Anik" ignored="1" name="signup testing" tests="7" failures="1" timestamp="09 Aug 2020 15:51:00 GMT" time="14.033" errors="0">
  <testcase name="ctest" time="0.001" classname="scripts.codeRun"/>
  <testcase name="btest" time="0.0" classname="scripts.codeRun"/>
  <testcase name="validateElementPresent" time="4.3" classname="scripts.elementCheck"/>
  <testcase name="validateUrl" time="0.0" classname="scripts.testRun"/>
  <testcase name="validateMessangerURL" time="2.189" classname="scripts.elementCheck">
    <failure type="java.lang.AssertionError" message="expected [test] but found [michael]">
      <![CDATA[java.lang.AssertionError: expected [test] but found [michael]
	at scripts.elementCheck.validateMessangerURL(elementCheck.java:59)
... Removed 40 stack frames]]>
    </failure>
  </testcase> <!-- validateMessangerURL -->
  <testcase name="validateTitle" time="0.0" classname="scripts.testRun"/>
  <testcase name="validateTextPresnt" time="0.0" classname="scripts.testRun"/>
  <testcase name="atest" time="0.0" classname="scripts.codeRun">
    <ignored/>
  </testcase> <!-- atest -->
</testsuite> <!-- signup testing -->
